<?xml version="1.0" encoding="UTF-8"?>
<testsuite name="entities.CreatureTest" tests="1" skipped="0" failures="1" errors="0" timestamp="2019-09-24T09:08:30"
           hostname="Ayoubs-MacBook-Pro.local" time="0.001">
    <properties/>
    <testcase name="initializationError" classname="entities.CreatureTest" time="0.001">
        <failure
                message="java.lang.LinkageError: loader constraint violation: loader (instance of sun/misc/Launcher$AppClassLoader) previously initiated loading for a different type with name &quot;space/WorldSlot&quot;"
                type="java.lang.LinkageError">java.lang.LinkageError: loader constraint violation: loader (instance of
            sun/misc/Launcher$AppClassLoader) previously initiated loading for a different type with name &quot;space/WorldSlot&quot;
            at java.lang.ClassLoader.defineClass1(Native Method)
            at java.lang.ClassLoader.defineClass(ClassLoader.java:763)
            at java.security.SecureClassLoader.defineClass(SecureClassLoader.java:142)
            at java.net.URLClassLoader.defineClass(URLClassLoader.java:468)
            at java.net.URLClassLoader.access$100(URLClassLoader.java:74)
            at java.net.URLClassLoader$1.run(URLClassLoader.java:369)
            at java.net.URLClassLoader$1.run(URLClassLoader.java:363)
            at java.security.AccessController.doPrivileged(Native Method)
            at java.net.URLClassLoader.findClass(URLClassLoader.java:362)
            at java.lang.ClassLoader.loadClass(ClassLoader.java:424)
            at sun.misc.Launcher$AppClassLoader.loadClass(Launcher.java:349)
            at java.lang.ClassLoader.loadClass(ClassLoader.java:411)
            at java.lang.ClassLoader.loadClass(ClassLoader.java:357)
            at de.jodamob.kotlin.testrunner.NoMoreFinalsClassLoader.loadClass(NoMoreFinalsClassLoader.kt:26)
            at java.lang.Class.getDeclaredMethods0(Native Method)
            at java.lang.Class.privateGetDeclaredMethods(Class.java:2701)
            at java.lang.Class.getDeclaredMethods(Class.java:1975)
            at org.junit.internal.MethodSorter.getDeclaredMethods(MethodSorter.java:54)
            at org.junit.runners.model.TestClass.&lt;init&gt;(TestClass.java:45)
            at org.junit.runners.ParentRunner.&lt;init&gt;(ParentRunner.java:75)
            at org.junit.runners.BlockJUnit4ClassRunner.&lt;init&gt;(BlockJUnit4ClassRunner.java:57)
            at de.jodamob.kotlin.testrunner.KotlinTestRunner.&lt;init&gt;(KotlinTestRunner.kt:5)
            at sun.reflect.NativeConstructorAccessorImpl.newInstance0(Native Method)
            at sun.reflect.NativeConstructorAccessorImpl.newInstance(NativeConstructorAccessorImpl.java:62)
            at sun.reflect.DelegatingConstructorAccessorImpl.newInstance(DelegatingConstructorAccessorImpl.java:45)
            at java.lang.reflect.Constructor.newInstance(Constructor.java:423)
            at org.junit.internal.builders.AnnotatedBuilder.buildRunner(AnnotatedBuilder.java:29)
            at org.junit.internal.builders.AnnotatedBuilder.runnerForClass(AnnotatedBuilder.java:21)
            at org.junit.runners.model.RunnerBuilder.safeRunnerForClass(RunnerBuilder.java:59)
            at
            org.junit.internal.builders.AllDefaultPossibilitiesBuilder.runnerForClass(AllDefaultPossibilitiesBuilder.java:26)
            at org.junit.runners.model.RunnerBuilder.safeRunnerForClass(RunnerBuilder.java:59)
            at org.junit.internal.requests.ClassRequest.getRunner(ClassRequest.java:26)
            at
            org.gradle.api.internal.tasks.testing.junit.JUnitTestClassExecutor.runTestClass(JUnitTestClassExecutor.java:78)
            at
            org.gradle.api.internal.tasks.testing.junit.JUnitTestClassExecutor.execute(JUnitTestClassExecutor.java:58)
            at
            org.gradle.api.internal.tasks.testing.junit.JUnitTestClassExecutor.execute(JUnitTestClassExecutor.java:38)
            at
            org.gradle.api.internal.tasks.testing.junit.AbstractJUnitTestClassProcessor.processTestClass(AbstractJUnitTestClassProcessor.java:66)
            at
            org.gradle.api.internal.tasks.testing.SuiteTestClassProcessor.processTestClass(SuiteTestClassProcessor.java:51)
            at sun.reflect.NativeMethodAccessorImpl.invoke0(Native Method)
            at sun.reflect.NativeMethodAccessorImpl.invoke(NativeMethodAccessorImpl.java:62)
            at sun.reflect.DelegatingMethodAccessorImpl.invoke(DelegatingMethodAccessorImpl.java:43)
            at java.lang.reflect.Method.invoke(Method.java:498)
            at org.gradle.internal.dispatch.ReflectionDispatch.dispatch(ReflectionDispatch.java:35)
            at org.gradle.internal.dispatch.ReflectionDispatch.dispatch(ReflectionDispatch.java:24)
            at org.gradle.internal.dispatch.ContextClassLoaderDispatch.dispatch(ContextClassLoaderDispatch.java:32)
            at
            org.gradle.internal.dispatch.ProxyDispatchAdapter$DispatchingInvocationHandler.invoke(ProxyDispatchAdapter.java:93)
            at com.sun.proxy.$Proxy2.processTestClass(Unknown Source)
            at org.gradle.api.internal.tasks.testing.worker.TestWorker.processTestClass(TestWorker.java:117)
            at sun.reflect.NativeMethodAccessorImpl.invoke0(Native Method)
            at sun.reflect.NativeMethodAccessorImpl.invoke(NativeMethodAccessorImpl.java:62)
            at sun.reflect.DelegatingMethodAccessorImpl.invoke(DelegatingMethodAccessorImpl.java:43)
            at java.lang.reflect.Method.invoke(Method.java:498)
            at org.gradle.internal.dispatch.ReflectionDispatch.dispatch(ReflectionDispatch.java:35)
            at org.gradle.internal.dispatch.ReflectionDispatch.dispatch(ReflectionDispatch.java:24)
            at
            org.gradle.internal.remote.internal.hub.MessageHubBackedObjectConnection$DispatchWrapper.dispatch(MessageHubBackedObjectConnection.java:155)
            at
            org.gradle.internal.remote.internal.hub.MessageHubBackedObjectConnection$DispatchWrapper.dispatch(MessageHubBackedObjectConnection.java:137)
            at org.gradle.internal.remote.internal.hub.MessageHub$Handler.run(MessageHub.java:404)
            at org.gradle.internal.concurrent.ExecutorPolicy$CatchAndRecordFailures.onExecute(ExecutorPolicy.java:63)
            at org.gradle.internal.concurrent.ManagedExecutorImpl$1.run(ManagedExecutorImpl.java:46)
            at java.util.concurrent.ThreadPoolExecutor.runWorker(ThreadPoolExecutor.java:1149)
            at java.util.concurrent.ThreadPoolExecutor$Worker.run(ThreadPoolExecutor.java:624)
            at org.gradle.internal.concurrent.ThreadFactoryImpl$ManagedThreadRunnable.run(ThreadFactoryImpl.java:55)
            at java.lang.Thread.run(Thread.java:748)
        </failure>
    </testcase>
    <system-out><![CDATA[WARNING: Class 'entities.CreatureTest' doesn't have either OpenedPackages nor OpenedClasses annotation. Failing back to current package.
]]></system-out>
    <system-err><![CDATA[]]></system-err>
</testsuite>
